[07.05.23|14:41:43] Folder: "/db" FOUND
[07.05.23|14:41:43] DATABASE: "users.db" FOUND
[07.05.23|14:41:43] TABLE: "Users" FOUND
[07.05.23|14:41:43] DATABASE: "posts.db" FOUND
[07.05.23|14:41:43] TABLE: "Posts" FOUND
[07.05.23|14:41:43] DATABASE: "comments.db" FOUND
[07.05.23|14:41:43] TABLE: "Comments" FOUND
[07.05.23|14:41:43] Folder: "/db" FOUND
[07.05.23|14:41:43] DATABASE: "users.db" FOUND
[07.05.23|14:41:43] TABLE: "Users" FOUND
[07.05.23|14:41:43] DATABASE: "posts.db" FOUND
[07.05.23|14:41:43] TABLE: "Posts" FOUND
[07.05.23|14:41:43] DATABASE: "comments.db" FOUND
[07.05.23|14:41:43] TABLE: "Comments" FOUND
[07.05.23|14:42:23] USER: "zawad" ADDED TO DATABASE
[07.05.23|14:42:30] 1 POINTS ADDED TO "zawad"
[07.05.23|14:42:30] USER: "zawad" LOGGED IN
[07.05.23|14:42:34] USER: "zawad" FOUND
[07.05.23|14:42:34] USER: "zawad"s PAGE LOADED
[07.05.23|14:42:43] USER: "zawad" LOGGED OUT
[07.05.23|14:42:50] 1 POINTS ADDED TO "zawad"
[07.05.23|14:42:50] USER: "zawad" LOGGED IN
[07.05.23|14:42:52] USER: "zawad" FOUND
[07.05.23|14:42:52] USER: "zawad"s PAGE LOADED
[07.05.23|14:43:12] USER: "zawad" LOGGED OUT
[07.05.23|14:45:41] POST: "4" FOUND
[07.05.23|14:45:52] POST: "1" FOUND
[07.05.23|14:45:52] POST: "1" FOUND
[07.05.23|14:50:14] 1 POINTS ADDED TO "zawad"
[07.05.23|14:50:14] USER: "zawad" LOGGED IN
[07.05.23|14:50:16] USER: "zawad" FOUND
[07.05.23|14:50:16] USER: "zawad"s PAGE LOADED
[07.05.23|15:52:56] Folder: "/db" FOUND
[07.05.23|15:52:56] DATABASE: "users.db" FOUND
[07.05.23|15:52:56] TABLE: "Users" FOUND
[07.05.23|15:52:56] DATABASE: "posts.db" FOUND
[07.05.23|15:52:56] TABLE: "Posts" FOUND
[07.05.23|15:52:56] DATABASE: "comments.db" FOUND
[07.05.23|15:52:56] TABLE: "Comments" FOUND
[07.05.23|15:52:57] Folder: "/db" FOUND
[07.05.23|15:52:57] DATABASE: "users.db" FOUND
[07.05.23|15:52:57] TABLE: "Users" FOUND
[07.05.23|15:52:57] DATABASE: "posts.db" FOUND
[07.05.23|15:52:57] TABLE: "Posts" FOUND
[07.05.23|15:52:57] DATABASE: "comments.db" FOUND
[07.05.23|15:52:57] TABLE: "Comments" FOUND
[07.05.23|15:53:09] 1 POINTS ADDED TO "zawad"
[07.05.23|15:53:09] USER: "zawad" LOGGED IN
[07.05.23|15:53:35] POST: "zawad" POSTED
[07.05.23|15:53:35] 20 POINTS ADDED TO "zawad"
[07.05.23|15:53:40] USER: "zawad" FOUND
[07.05.23|15:53:40] USER: "zawad"s PAGE LOADED
[07.05.23|15:53:43] POST: "5" FOUND
[07.05.23|15:54:15] POST: "5" FOUND
[07.05.23|15:54:15] 5 POINTS ADDED TO "zawad"
[07.05.23|15:54:15] POST: "5" FOUND
[07.05.23|15:54:49] POST: "sadasdasd" POSTED
[07.05.23|15:54:49] 20 POINTS ADDED TO "zawad"
[07.05.23|15:54:58] USER: "zawad" FOUND
[07.05.23|15:54:58] USER: "zawad"s PAGE LOADED
[07.05.23|15:55:06] POST: "5" FOUND
[07.05.23|15:55:14] POST: "5" DELETED
[07.05.23|15:55:19] POST: "6" FOUND
[07.05.23|15:55:23] POST: "6" FOUND
[07.05.23|15:55:29] POST: "6" DELETED
[07.05.23|15:55:31] POST: "1" FOUND
[07.05.23|15:56:45] POST: "Coder zawad's youtube chanel secret" POSTED
[07.05.23|15:56:45] 20 POINTS ADDED TO "zawad"
[07.05.23|15:57:09] POST: "5" FOUND
[07.05.23|15:57:09] POST: "5" FOUND
[07.05.23|15:57:12] POST: "5" FOUND
[07.05.23|15:57:34] POST: "5" FOUND
[07.05.23|15:57:34] 5 POINTS ADDED TO "zawad"
[07.05.23|15:57:34] POST: "5" FOUND
[07.05.23|15:58:06] POST: "5" FOUND
[07.05.23|15:58:42] USER: "zawad9005" ADDED TO DATABASE
[07.05.23|15:58:58] 1 POINTS ADDED TO "zawad9005"
[07.05.23|15:58:58] USER: "zawad9005" LOGGED IN
[07.05.23|15:59:03] USER: "zawad9005" FOUND
[07.05.23|15:59:03] USER: "zawad9005"s PAGE LOADED
[07.05.23|15:59:10] USER: "zawad" FOUND
[07.05.23|15:59:10] USER: "zawad"s PAGE LOADED
[07.05.23|15:59:25] POST: "5" FOUND
[07.05.23|15:59:42] POST: "5" FOUND
[07.05.23|15:59:42] 5 POINTS ADDED TO "zawad9005"
[07.05.23|15:59:42] POST: "5" FOUND
[07.05.23|15:59:54] USER: "zawad" FOUND
[07.05.23|15:59:54] USER: "zawad"s PAGE LOADED
[07.05.23|16:00:03] POST: "5" FOUND
[07.05.23|16:00:05] USER: "zawad9005" FOUND
[07.05.23|16:00:05] USER: "zawad9005"s PAGE LOADED
[07.05.23|16:00:14] USER: "zawad" FOUND
[07.05.23|16:00:14] USER: "zawad"s PAGE LOADED
[07.05.23|16:21:35] POST: "1" FOUND
[07.05.23|16:24:04] POST: "1" FOUND
[07.05.23|16:24:13] POST: "sdad" POSTED
[07.05.23|16:24:13] 20 POINTS ADDED TO "zawad"
